--- Copying files at Thu Mar 13 01:43:02 UTC 2025
--- Copied files finished at Thu Mar 13 01:43:02 UTC 2025
--- Copying files at Thu Mar 13 07:32:49 UTC 2025
--- Copied files finished at Thu Mar 13 07:32:49 UTC 2025
--- Copying files at Fri Mar 14 00:49:37 UTC 2025
--- Copied files finished at Fri Mar 14 00:49:37 UTC 2025
--- Copying files at Fri Mar 14 01:42:53 UTC 2025
--- Copied files finished at Fri Mar 14 01:42:53 UTC 2025
--- Copying files at Fri Mar 14 02:47:16 UTC 2025
--- Copied files finished at Fri Mar 14 02:47:16 UTC 2025
--- Copying files at Fri Mar 14 03:00:28 UTC 2025
--- Copied files finished at Fri Mar 14 03:00:28 UTC 2025
--- Copying files at Fri Mar 14 03:15:07 UTC 2025
--- Copied files finished at Fri Mar 14 03:15:07 UTC 2025
--- Copying files at Mon Mar 17 00:59:07 UTC 2025
--- Copied files finished at Mon Mar 17 00:59:07 UTC 2025
--- Copying files at Mon Mar 17 01:23:48 UTC 2025
--- Copied files finished at Mon Mar 17 01:23:48 UTC 2025
--- Copying files at Mon Mar 17 01:34:23 UTC 2025
--- Copied files finished at Mon Mar 17 01:34:23 UTC 2025
--- Copying files at Thu Mar 20 06:06:14 UTC 2025
--- Copied files finished at Thu Mar 20 06:06:14 UTC 2025
